This is pdfTeX, Version 3.141592653-2.6-1.40.27 (MiKTeX 25.4) (preloaded format=pdflatex 2025.9.10)  8 OCT 2025 20:21
entering extended mode
 restricted \write18 enabled.
 %&-line parsing enabled.
**./Proyecto.tex
(Proyecto.tex
LaTeX2e <2025-06-01> patch level 1
L3 programming layer <2025-08-13>
(C:\Users\david\AppData\Local\Programs\MiKTeX\tex/latex/base\article.cls
Document Class: article 2025/01/22 v1.4n Standard LaTeX document class
(C:\Users\david\AppData\Local\Programs\MiKTeX\tex/latex/base\size12.clo
File: size12.clo 2025/01/22 v1.4n Standard LaTeX file (size option)
)
\c@part=\count275
\c@section=\count276
\c@subsection=\count277
\c@subsubsection=\count278
\c@paragraph=\count279
\c@subparagraph=\count280
\c@figure=\count281
\c@table=\count282
\abovecaptionskip=\skip49
\belowcaptionskip=\skip50
\bibindent=\dimen148
)
(C:\Users\david\AppData\Local\Programs\MiKTeX\tex/latex/base\inputenc.sty
Package: inputenc 2024/02/08 v1.3d Input encoding file
\inpenc@prehook=\toks17
\inpenc@posthook=\toks18
)
(C:\Users\david\AppData\Local\Programs\MiKTeX\tex/latex/psnfss\times.sty
Package: times 2020/03/25 PSNFSS-v9.3 (SPQR) 
)
(C:\Users\david\AppData\Local\Programs\MiKTeX\tex/latex/geometry\geometry.sty
Package: geometry 2020/01/02 v5.9 Page Geometry

(C:\Users\david\AppData\Local\Programs\MiKTeX\tex/latex/graphics\keyval.sty
Package: keyval 2022/05/29 v1.15 key=value parser (DPC)
\KV@toks@=\toks19
)
(C:\Users\david\AppData\Local\Programs\MiKTeX\tex/generic/iftex\ifvtex.sty
Package: ifvtex 2019/10/25 v1.7 ifvtex legacy package. Use iftex instead.

(C:\Users\david\AppData\Local\Programs\MiKTeX\tex/generic/iftex\iftex.sty
Package: iftex 2024/12/12 v1.0g TeX engine tests
))
\Gm@cnth=\count283
\Gm@cntv=\count284
\c@Gm@tempcnt=\count285
\Gm@bindingoffset=\dimen149
\Gm@wd@mp=\dimen150
\Gm@odd@mp=\dimen151
\Gm@even@mp=\dimen152
\Gm@layoutwidth=\dimen153
\Gm@layoutheight=\dimen154
\Gm@layouthoffset=\dimen155
\Gm@layoutvoffset=\dimen156
\Gm@dimlist=\toks20

(C:\Users\david\AppData\Local\Programs\MiKTeX\tex/latex/geometry\geometry.cfg))
(C:\Users\david\AppData\Local\Programs\MiKTeX\tex/generic/babel\babel.sty
Package: babel 2025/08/03 v25.12 The multilingual framework for LuaLaTeX, pdfLa
TeX and XeLaTeX
\babel@savecnt=\count286
LaTeX Encoding Info:    Redeclaring text command \ij (encoding OT1) on input li
ne 2045.
LaTeX Encoding Info:    Redeclaring text command \IJ (encoding OT1) on input li
ne 2047.
LaTeX Encoding Info:    Redeclaring text command \ij (encoding T1) on input lin
e 2049.
LaTeX Encoding Info:    Redeclaring text command \IJ (encoding T1) on input lin
e 2050.
LaTeX Encoding Info:    Ignoring declaration for text command \ij (encoding ?) 
on input line 2051.
LaTeX Encoding Info:    Ignoring declaration for text command \IJ (encoding ?) 
on input line 2053.
LaTeX Encoding Info:    Ignoring declaration for text command \SS (encoding ?) 
on input line 2078.
\U@D=\dimen157
\l@unhyphenated=\language79

(C:\Users\david\AppData\Local\Programs\MiKTeX\tex/generic/babel\txtbabel.def)
\bbl@readstream=\read2
\bbl@dirlevel=\count287

*************************************
* Local config file bblopts.cfg used
*
(C:\Users\david\AppData\Local\Programs\MiKTeX\tex/latex/arabi\bblopts.cfg
File: bblopts.cfg 2005/09/08 v0.1 add Arabic and Farsi to "declared" options of
 babel
)
(C:\Users\david\AppData\Local\Programs\MiKTeX\tex/latex/babel-spanish\spanish.l
df
Language: spanish.ldf 2021/05/27 v5.0q Spanish support from the babel system

(C:\Users\david\AppData\Local\Programs\MiKTeX\tex/generic/babel/locale/es\babel
-spanish.tex
Package babel Info: Importing font and identification data for spanish
(babel)             from babel-es.ini. Reported on input line 12.
)
\es@quottoks=\toks21
\es@quotdepth=\count288
Package babel Info: Making " an active character on input line 570.
Package babel Info: Making . an active character on input line 675.
Package babel Info: Making < an active character on input line 722.
Package babel Info: Making > an active character on input line 722.
))
LaTeX Encoding Info:    Redeclaring text command \guillemotleft (encoding OT1) 
on input line 6.
LaTeX Encoding Info:    Redeclaring text command \guillemotright (encoding OT1)
 on input line 6.

(C:\Users\david\AppData\Local\Programs\MiKTeX\tex/latex/setspace\setspace.sty
Package: setspace 2022/12/04 v6.7b set line spacing
)
(C:\Users\david\AppData\Local\Programs\MiKTeX\tex/latex/graphics\graphicx.sty
Package: graphicx 2024/12/31 v1.2e Enhanced LaTeX Graphics (DPC,SPQR)

(C:\Users\david\AppData\Local\Programs\MiKTeX\tex/latex/graphics\graphics.sty
Package: graphics 2024/08/06 v1.4g Standard LaTeX Graphics (DPC,SPQR)

(C:\Users\david\AppData\Local\Programs\MiKTeX\tex/latex/graphics\trig.sty
Package: trig 2023/12/02 v1.11 sin cos tan (DPC)
)
(C:\Users\david\AppData\Local\Programs\MiKTeX\tex/latex/graphics-cfg\graphics.c
fg
File: graphics.cfg 2016/06/04 v1.11 sample graphics configuration
)
Package graphics Info: Driver file: pdftex.def on input line 106.

(C:\Users\david\AppData\Local\Programs\MiKTeX\tex/latex/graphics-def\pdftex.def
File: pdftex.def 2024/04/13 v1.2c Graphics/color driver for pdftex
))
\Gin@req@height=\dimen158
\Gin@req@width=\dimen159
)
(C:\Users\david\AppData\Local\Programs\MiKTeX\tex/latex/titlesec\titlesec.sty
Package: titlesec 2025/01/04 v2.17 Sectioning titles
\ttl@box=\box53
\beforetitleunit=\skip51
\aftertitleunit=\skip52
\ttl@plus=\dimen160
\ttl@minus=\dimen161
\ttl@toksa=\toks22
\titlewidth=\dimen162
\titlewidthlast=\dimen163
\titlewidthfirst=\dimen164
)
(C:\Users\david\AppData\Local\Programs\MiKTeX\tex/latex/tools\array.sty
Package: array 2025/06/08 v2.6j Tabular extension package (FMi)
\col@sep=\dimen165
\ar@mcellbox=\box54
\extrarowheight=\dimen166
\NC@list=\toks23
\extratabsurround=\skip53
\backup@length=\skip54
\ar@cellbox=\box55
)
(C:\Users\david\AppData\Local\Programs\MiKTeX\tex/latex/multirow\multirow.sty
Package: multirow 2024/11/12 v2.9 Span multiple rows of a table
\multirow@colwidth=\skip55
\multirow@cntb=\count289
\multirow@dima=\skip56
\bigstrutjot=\dimen167
)
(C:\Users\david\AppData\Local\Programs\MiKTeX\tex/latex/tools\multicol.sty
Package: multicol 2025/05/25 v2.0a multicolumn formatting (FMi)
\c@tracingmulticols=\count290
\mult@box=\box56
\multicol@leftmargin=\dimen168
\c@unbalance=\count291
\c@collectmore=\count292
\doublecol@number=\count293
\multicoltolerance=\count294
\multicolpretolerance=\count295
\full@width=\dimen169
\page@free=\dimen170
\premulticols=\dimen171
\postmulticols=\dimen172
\multicolsep=\skip57
\multicolbaselineskip=\skip58
\partial@page=\box57
\last@line=\box58
\mc@boxedresult=\box59
\maxbalancingoverflow=\dimen173
\mult@rightbox=\box60
\mult@grightbox=\box61
\mult@firstbox=\box62
\mult@gfirstbox=\box63
\@tempa=\box64
\@tempa=\box65
\@tempa=\box66
\@tempa=\box67
\@tempa=\box68
\@tempa=\box69
\@tempa=\box70
\@tempa=\box71
\@tempa=\box72
\@tempa=\box73
\@tempa=\box74
\@tempa=\box75
\@tempa=\box76
\@tempa=\box77
\@tempa=\box78
\@tempa=\box79
\@tempa=\box80
\@tempa=\box81
\@tempa=\box82
\@tempa=\box83
\@tempa=\box84
\@tempa=\box85
\@tempa=\box86
\@tempa=\box87
\@tempa=\box88
\@tempa=\box89
\@tempa=\box90
\@tempa=\box91
\@tempa=\box92
\@tempa=\box93
\@tempa=\box94
\@tempa=\box95
\@tempa=\box96
\@tempa=\box97
\@tempa=\box98
\@tempa=\box99
\c@minrows=\count296
\c@columnbadness=\count297
\c@finalcolumnbadness=\count298
\last@try=\dimen174
\multicolovershoot=\dimen175
\multicolundershoot=\dimen176
\mult@nat@firstbox=\box100
\colbreak@box=\box101
\mc@col@check@num=\count299
\g__mc_curr_col_int=\count300
)
(C:\Users\david\AppData\Local\Programs\MiKTeX\tex/latex/amsfonts\amssymb.sty
Package: amssymb 2013/01/14 v3.01 AMS font symbols

(C:\Users\david\AppData\Local\Programs\MiKTeX\tex/latex/amsfonts\amsfonts.sty
Package: amsfonts 2013/01/14 v3.01 Basic AMSFonts support
\@emptytoks=\toks24
\symAMSa=\mathgroup4
\symAMSb=\mathgroup5
LaTeX Font Info:    Redeclaring math symbol \hbar on input line 98.
LaTeX Font Info:    Overwriting math alphabet `\mathfrak' in version `bold'
(Font)                  U/euf/m/n --> U/euf/b/n on input line 106.
)) (C:\Users\david\AppData\Local\Programs\MiKTeX\tex/latex/caption\caption.sty
Package: caption 2023/08/05 v3.6o Customizing captions (AR)

(C:\Users\david\AppData\Local\Programs\MiKTeX\tex/latex/caption\caption3.sty
Package: caption3 2023/07/31 v2.4d caption3 kernel (AR)
\caption@tempdima=\dimen177
\captionmargin=\dimen178
\caption@leftmargin=\dimen179
\caption@rightmargin=\dimen180
\caption@width=\dimen181
\caption@indent=\dimen182
\caption@parindent=\dimen183
\caption@hangindent=\dimen184
Package caption Info: Standard document class detected.
)
\c@caption@flags=\count301
\c@continuedfloat=\count302
)
(C:\Users\david\AppData\Local\Programs\MiKTeX\tex/latex/tools\longtable.sty
Package: longtable 2024-12-18 v4.23 Multi-page Table package (DPC)
\LTleft=\skip59
\LTright=\skip60
\LTpre=\skip61
\LTpost=\skip62
\LTchunksize=\count303
\LTcapwidth=\dimen185
\LT@head=\box102
\LT@firsthead=\box103
\LT@foot=\box104
\LT@lastfoot=\box105
\LT@gbox=\box106
\LT@cols=\count304
\LT@rows=\count305
\c@LT@tables=\count306
\c@LT@chunks=\count307
\LT@p@ftn=\toks25
)
(C:\Users\david\AppData\Local\Programs\MiKTeX\tex/latex/tabularray\tabularray.s
ty
Package: tabularray 2025-08-29 v2025B Typeset tabulars and arrays with LaTeX3
\l__tblr_a_int=\count308
\l__tblr_c_int=\count309
\l__tblr_r_int=\count310
\l__tblr_d_dim=\dimen186
\l__tblr_h_dim=\dimen187
\l__tblr_o_dim=\dimen188
\l__tblr_p_dim=\dimen189
\l__tblr_q_dim=\dimen190
\l__tblr_r_dim=\dimen191
\l__tblr_s_dim=\dimen192
\l__tblr_t_dim=\dimen193
\l__tblr_v_dim=\dimen194
\l__tblr_w_dim=\dimen195
\l__tblr_a_box=\box107
\l__tblr_b_box=\box108
\l__tblr_c_box=\box109
\l__tblr_d_box=\box110
\c@tblrcount=\count311
\c@rownum=\count312
\c@colnum=\count313
\c@rowcount=\count314
\c@colcount=\count315
\abovesep=\dimen196
\belowsep=\dimen197
\leftsep=\dimen198
\rightsep=\dimen199
\gTblrLevelInt=\count316
\g__tblr_data_row_key_count_int=\count317
\g__tblr_data_column_key_count_int=\count318
\g__tblr_data_cell_key_count_int=\count319
\g__tblr_array_int=\count320
\l__tblr_key_count_int=\count321
\l__tblr_key_quotient_int=\count322
\l__tblr_key_quotient_two_int=\count323
\l__tblr_key_remainder_int=\count324
\g__tblr_data_str_value_count_int=\count325
\lTblrChildTotalInt=\count326
\lTblrChildHtotalInt=\count327
\lTblrChildVtotalInt=\count328
\l__child_diff_h_int=\count329
\l__child_diff_v_int=\count330
\l__child_sign_h_int=\count331
\l__child_sign_v_int=\count332
\l__child_step_int=\count333
\lTblrDefaultHruleWidthDim=\dimen256
\lTblrDefaultVruleWidthDim=\dimen257
\l__tblr_split_balance_int=\count334
\l__tblr_strut_dp_dim=\dimen258
\l__tblr_strut_ht_dim=\dimen259
\g__tblr_cell_wd_dim=\dimen260
\g__tblr_cell_ht_dim=\dimen261
\g__tblr_cell_head_dim=\dimen262
\g__tblr_cell_foot_dim=\dimen263
\l__tblr_measured_cell_box=\box111
\g__tblr_last_box=\box112
\l__tblr_temp_box=\box113
\l__tblr_column_target_dim=\dimen264
\l__tblr_hfuzz_dim=\dimen265
\l__tblr_caption_box=\box114
\l__tblr_caption_left_box=\box115
\lTblrRowHeadInt=\count335
\lTblrRowFootInt=\count336
\l__tblr_row_head_box=\box116
\l__tblr_row_foot_box=\box117
\l__tblr_row_head_foot_dim=\dimen266
\lTblrTableWidthDim=\dimen267
\l__tblr_table_firsthead_box=\box118
\l__tblr_table_middlehead_box=\box119
\l__tblr_table_lasthead_box=\box120
\l__tblr_table_firstfoot_box=\box121
\l__tblr_table_middlefoot_box=\box122
\l__tblr_table_lastfoot_box=\box123
\l__tblr_remain_height_dim=\dimen268
\l__tblr_long_from_int=\count337
\l__tblr_long_to_int=\count338
\l__tblr_curr_i_int=\count339
\l__tblr_prev_i_int=\count340
\lTblrTablePageInt=\count341
\l__tblr_table_head_box=\box124
\l__tblr_table_foot_box=\box125
\l__tblr_table_head_foot_dim=\dimen269
\l__tblr_table_head_body_foot_dim=\dimen270
\l__tblr_table_box=\box126
\lTblrRowFirstInt=\count342
\lTblrRowLastInt=\count343
\l__tblr_table_hlines_box=\box127
\l__tblr_hline_box=\box128
\l__tblr_row_box=\box129
\l__tblr_col_o_wd_dim=\dimen271
\l__tblr_col_b_wd_dim=\dimen272
\l__tblr_hline_leftskip_dim=\dimen273
\l__tblr_hline_rightskip_dim=\dimen274
\l__tblr_row_ht_dim=\dimen275
\l__tblr_row_dp_dim=\dimen276
\l__tblr_row_abovesep_dim=\dimen277
\l__tblr_row_belowsep_dim=\dimen278
\l__tblr_row_vlines_box=\box130
\l__tblr_vline_box=\box131
\l__tblr_cell_box=\box132
\l__tblr_row_upper_dim=\dimen279
\l__tblr_row_lower_dim=\dimen280
\l__tblr_row_vpace_dim=\dimen281
\l__tblr_vline_aboveskip_dim=\dimen282
\l__tblr_vline_belowskip_dim=\dimen283
\lTblrCellRowSpanInt=\count344
\lTblrCellColSpanInt=\count345
\l__tblr_cell_wd_dim=\dimen284
\l__tblr_cell_ht_dim=\dimen285
\lTblrCellAboveBorderWidthDim=\dimen286
\lTblrCellBelowBorderWidthDim=\dimen287
\lTblrCellLeftBorderWidthDim=\dimen288
\lTblrCellRightBorderWidthDim=\dimen289
\l__tblr_diag_box=\box133
\l__tblr_cell_inner_wd_dim=\dimen290
\l__tblr_cell_inner_dp_dim=\dimen291
\l__tblr_cell_hanchor_dim=\dimen292
\l__tblr_last_cell_table_ht_dim=\dimen293
\l__tblr_last_cell_table_dp_dim=\dimen294
\l__tblr_last_vline_wd_dim=\dimen295
\l__tblr_tikz_node_box=\box134
) (C:\Users\david\AppData\Local\Programs\MiKTeX\tex/latex/graphics\color.sty
Package: color 2025/01/14 v1.3e Standard LaTeX Color (DPC)

(C:\Users\david\AppData\Local\Programs\MiKTeX\tex/latex/graphics-cfg\color.cfg
File: color.cfg 2016/01/02 v1.6 sample color configuration
)
Package color Info: Driver file: pdftex.def on input line 149.
(C:\Users\david\AppData\Local\Programs\MiKTeX\tex/latex/graphics\mathcolor.ltx)
) (C:\Users\david\AppData\Local\Programs\MiKTeX\tex/latex/xcolor\xcolor.sty
Package: xcolor 2024/09/29 v3.02 LaTeX color extensions (UK)

(C:\Users\david\AppData\Local\Programs\MiKTeX\tex/latex/graphics-cfg\color.cfg
File: color.cfg 2016/01/02 v1.6 sample color configuration
)
Package xcolor Info: Driver file: pdftex.def on input line 274.
LaTeX Info: Redefining \color on input line 762.
(C:\Users\david\AppData\Local\Programs\MiKTeX\tex/latex/graphics\mathcolor.ltx)
Package xcolor Info: Model `cmy' substituted by `cmy0' on input line 1349.
Package xcolor Info: Model `hsb' substituted by `rgb' on input line 1353.
Package xcolor Info: Model `RGB' extended on input line 1365.
Package xcolor Info: Model `HTML' substituted by `rgb' on input line 1367.
Package xcolor Info: Model `Hsb' substituted by `hsb' on input line 1368.
Package xcolor Info: Model `tHsb' substituted by `hsb' on input line 1369.
Package xcolor Info: Model `HSB' substituted by `hsb' on input line 1370.
Package xcolor Info: Model `Gray' substituted by `gray' on input line 1371.
Package xcolor Info: Model `wave' substituted by `hsb' on input line 1372.
) (C:\Users\david\AppData\Local\Programs\MiKTeX\tex/latex/colortbl\colortbl.sty
Package: colortbl 2024/10/29 v1.0k Color table columns (DPC)
\everycr=\toks26
\minrowclearance=\skip63
)
(C:\Users\david\AppData\Local\Programs\MiKTeX\tex/latex/ninecolors\ninecolors.s
ty
Package: ninecolors 2022-02-13 v2022D Select colors with proper color contrast

(C:\Users\david\AppData\Local\Programs\MiKTeX\tex/latex/l3packages/xparse\xpars
e.sty
(C:\Users\david\AppData\Local\Programs\MiKTeX\tex/latex/l3kernel\expl3.sty
Package: expl3 2025-08-13 L3 programming layer (loader) 

(C:\Users\david\AppData\Local\Programs\MiKTeX\tex/latex/l3backend\l3backend-pdf
tex.def
File: l3backend-pdftex.def 2025-06-09 L3 backend support: PDF output (pdfTeX)
\l__color_backend_stack_int=\count346
))
Package: xparse 2024-08-16 L3 Experimental document command parser
))
(C:\Users\david\AppData\Local\Programs\MiKTeX\tex/latex/adjustbox\adjustbox.sty
Package: adjustbox 2025/02/26 v1.3c Adjusting TeX boxes (trim, clip, ...)
(C:\Users\david\AppData\Local\Programs\MiKTeX\tex/latex/xkeyval\xkeyval.sty
Package: xkeyval 2022/06/16 v2.9 package option processing (HA)

(C:\Users\david\AppData\Local\Programs\MiKTeX\tex/generic/xkeyval\xkeyval.tex
(C:\Users\david\AppData\Local\Programs\MiKTeX\tex/generic/xkeyval\xkvutils.tex
\XKV@toks=\toks27
\XKV@tempa@toks=\toks28
)
\XKV@depth=\count347
File: xkeyval.tex 2014/12/03 v2.7a key=value parser (HA)
))
(C:\Users\david\AppData\Local\Programs\MiKTeX\tex/latex/adjustbox\adjcalc.sty
Package: adjcalc 2012/05/16 v1.1 Provides advanced setlength with multiple back
-ends (calc, etex, pgfmath)
)
(C:\Users\david\AppData\Local\Programs\MiKTeX\tex/latex/adjustbox\trimclip.sty
Package: trimclip 2025/02/21 v1.2a Trim and clip general TeX material

(C:\Users\david\AppData\Local\Programs\MiKTeX\tex/latex/collectbox\collectbox.s
ty
Package: collectbox 2022/10/17 v0.4c Collect macro arguments as boxes
\collectedbox=\box135
)
\tc@llx=\dimen296
\tc@lly=\dimen297
\tc@urx=\dimen298
\tc@ury=\dimen299
Package trimclip Info: Using driver 'tc-pdftex.def'.

(C:\Users\david\AppData\Local\Programs\MiKTeX\tex/latex/adjustbox\tc-pdftex.def
File: tc-pdftex.def 2025/02/26 v2.3 Clipping driver for pdftex
))
\adjbox@Width=\dimen300
\adjbox@Height=\dimen301
\adjbox@Depth=\dimen302
\adjbox@Totalheight=\dimen303
\adjbox@pwidth=\dimen304
\adjbox@pheight=\dimen305
\adjbox@pdepth=\dimen306
\adjbox@ptotalheight=\dimen307

(C:\Users\david\AppData\Local\Programs\MiKTeX\tex/latex/ifoddpage\ifoddpage.sty
Package: ifoddpage 2022/10/18 v1.2 Conditionals for odd/even page detection
\c@checkoddpage=\count348
) (C:\Users\david\AppData\Local\Programs\MiKTeX\tex/latex/varwidth\varwidth.sty
Package: varwidth 2009/03/30 ver 0.92;  Variable-width minipages
\@vwid@box=\box136
\sift@deathcycles=\count349
\@vwid@loff=\dimen308
\@vwid@roff=\dimen309
)
==> First Aid for varwidth.sty applied!
) (C:\Users\david\AppData\Local\Programs\MiKTeX\tex/latex/float\float.sty
Package: float 2001/11/08 v1.3d Float enhancements (AL)
\c@float@type=\count350
\float@exts=\toks29
\float@box=\box137
\@float@everytoks=\toks30
\@floatcapt=\box138
)
   defining Unicode char U+202F (decimal 8239)
LaTeX Font Info:    Trying to load font information for OT1+ptm on input line 7
4.

(C:\Users\david\AppData\Local\Programs\MiKTeX\tex/latex/psnfss\ot1ptm.fd
File: ot1ptm.fd 2001/06/04 font definitions for OT1/ptm.
)
(Proyecto.aux
LaTeX Info: Redefining \. on input line 10.
LaTeX Info: Redefining \% on input line 10.
Package babel Info: 'spanish' activates 'spanish' shorthands.
(babel)             Reported on input line 10.
 (Contenido/Indice.aux

LaTeX Warning: Label `fig:logobconomy' multiply defined.

))
\openout1 = `Proyecto.aux'.

LaTeX Font Info:    Checking defaults for OML/cmm/m/it on input line 74.
LaTeX Font Info:    ... okay on input line 74.
LaTeX Font Info:    Checking defaults for OMS/cmsy/m/n on input line 74.
LaTeX Font Info:    ... okay on input line 74.
LaTeX Font Info:    Checking defaults for OT1/cmr/m/n on input line 74.
LaTeX Font Info:    ... okay on input line 74.
LaTeX Font Info:    Checking defaults for T1/cmr/m/n on input line 74.
LaTeX Font Info:    ... okay on input line 74.
LaTeX Font Info:    Checking defaults for TS1/cmr/m/n on input line 74.
LaTeX Font Info:    ... okay on input line 74.
LaTeX Font Info:    Checking defaults for OMX/cmex/m/n on input line 74.
LaTeX Font Info:    ... okay on input line 74.
LaTeX Font Info:    Checking defaults for U/cmr/m/n on input line 74.
LaTeX Font Info:    ... okay on input line 74.

*geometry* driver: auto-detecting
*geometry* detected driver: pdftex
*geometry* verbose mode - [ preamble ] result:
* driver: pdftex
* paper: letterpaper
* layout: <same size as paper>
* layoutoffset:(h,v)=(0.0pt,0.0pt)
* modes: 
* h-part:(L,W,R)=(72.2698pt, 469.75539pt, 72.2698pt)
* v-part:(T,H,B)=(72.2698pt, 650.43037pt, 72.2698pt)
* \paperwidth=614.295pt
* \paperheight=794.96999pt
* \textwidth=469.75539pt
* \textheight=650.43037pt
* \oddsidemargin=-0.00018pt
* \evensidemargin=-0.00018pt
* \topmargin=-37.00018pt
* \headheight=12.0pt
* \headsep=25.0pt
* \topskip=12.0pt
* \footskip=30.0pt
* \marginparwidth=44.0pt
* \marginparsep=10.0pt
* \columnsep=10.0pt
* \skip\footins=10.8pt plus 4.0pt minus 2.0pt
* \hoffset=0.0pt
* \voffset=0.0pt
* \mag=1000
* \@twocolumnfalse
* \@twosidefalse
* \@mparswitchfalse
* \@reversemarginfalse
* (1in=72.27pt=25.4mm, 1cm=28.453pt)

LaTeX Info: Redefining \. on input line 74.
LaTeX Info: Redefining \% on input line 74.

(C:\Users\david\AppData\Local\Programs\MiKTeX\tex/context/base/mkii\supp-pdf.mk
ii
[Loading MPS to PDF converter (version 2006.09.02).]
\scratchcounter=\count351
\scratchdimen=\dimen310
\scratchbox=\box139
\nofMPsegments=\count352
\nofMParguments=\count353
\everyMPshowfont=\toks31
\MPscratchCnt=\count354
\MPscratchDim=\dimen311
\MPnumerator=\count355
\makeMPintoPDFobject=\count356
\everyMPtoPDFconversion=\toks32
)
(C:\Users\david\AppData\Local\Programs\MiKTeX\tex/latex/epstopdf-pkg\epstopdf-b
ase.sty
Package: epstopdf-base 2020-01-24 v2.11 Base part for package epstopdf
Package epstopdf-base Info: Redefining graphics rule for `.eps' on input line 4
85.

(C:\Users\david\AppData\Local\Programs\MiKTeX\tex/latex/00miktex\epstopdf-sys.c
fg
File: epstopdf-sys.cfg 2021/03/18 v2.0 Configuration of epstopdf for MiKTeX
))
Package caption Info: Begin \AtBeginDocument code.
Package caption Info: float package is loaded.
Package caption Info: longtable package is loaded.

(C:\Users\david\AppData\Local\Programs\MiKTeX\tex/latex/caption\ltcaption.sty
Package: ltcaption 2021/01/08 v1.4c longtable captions (AR)
)
Package caption Info: End \AtBeginDocument code.
LaTeX Font Info:    Trying to load font information for U+msa on input line 75.


(C:\Users\david\AppData\Local\Programs\MiKTeX\tex/latex/amsfonts\umsa.fd
File: umsa.fd 2013/01/14 v3.01 AMS symbols A
)
LaTeX Font Info:    Trying to load font information for U+msb on input line 75.


(C:\Users\david\AppData\Local\Programs\MiKTeX\tex/latex/amsfonts\umsb.fd
File: umsb.fd 2013/01/14 v3.01 AMS symbols B
)
LaTeX Font Info:    Trying to load font information for OT1+pcr on input line 7
5.

(C:\Users\david\AppData\Local\Programs\MiKTeX\tex/latex/psnfss\ot1pcr.fd
File: ot1pcr.fd 2001/06/04 font definitions for OT1/pcr.
)
<Imagenes/EscudoUD.png, id=1, 504.38437pt x 645.16031pt>
File: Imagenes/EscudoUD.png Graphic file (type png)
<use Imagenes/EscudoUD.png>
Package pdftex.def Info: Imagenes/EscudoUD.png  used on input line 75.
(pdftex.def)             Requested size: 56.9055pt x 72.7792pt.


[1

{C:/Users/david/AppData/Local/MiKTeX/fonts/map/pdftex/pdftex.map}{C:/Users/davi
d/AppData/Local/Programs/MiKTeX/fonts/enc/dvips/base/8r.enc} <./Imagenes/Escudo
UD.png>]
\openout2 = `Contenido/Indice.aux'.

 (Contenido/Indice.tex (Proyecto.toc
LaTeX Info: Redefining \. on input line 1.
LaTeX Info: Redefining \% on input line 1.


[1

]

[2])
\tf@toc=\write3
\openout3 = `Proyecto.toc'.



[3] (Proyecto.lof
LaTeX Info: Redefining \. on input line 1.
LaTeX Info: Redefining \% on input line 1.
)
\tf@lof=\write4
\openout4 = `Proyecto.lof'.



[1] (Proyecto.lot
LaTeX Info: Redefining \. on input line 1.
LaTeX Info: Redefining \% on input line 1.
)
\tf@lot=\write5
\openout5 = `Proyecto.lot'.



[2] (Contenido/01. Introduccion/Introduccion.tex)
(Contenido/02. Planteamiento/PlanteamientoDelProblema.tex

[3]
<Imagenes/ArboldeProblemas.png, id=30, 610.53094pt x 447.17062pt>
File: Imagenes/ArboldeProblemas.png Graphic file (type png)
<use Imagenes/ArboldeProblemas.png>
Package pdftex.def Info: Imagenes/ArboldeProblemas.png  used on input line 10.
(pdftex.def)             Requested size: 284.52756pt x 208.40298pt.


[4] (Contenido/02. Planteamiento/DescripcionDelProblema.tex
Overfull \hbox (3.17792pt too wide) in paragraph at lines 3--4
[]\OT1/ptm/m/n/12 En Co-lom-bia, el ac-ce-so a ser-vi-cios fi-nan-cie-ros ha av
an-za-do en co-ber-tu-ra, al-can-zan-do un 72.38$ $%
 []

)

[5 <./Imagenes/ArboldeProblemas.png>]
(Contenido/02. Planteamiento/FormulacionDelProblema.tex)
(Contenido/02. Planteamiento/JustificacionDelProblema.tex

[6])) (Contenido/03. Objetivos/Objetivos.tex
(Contenido/03. Objetivos/ObjetivoGeneral.tex)

[7] (Contenido/03. Objetivos/ObjetivoEspecifico.tex))
(Contenido/04. Marco Teórico/MarcoTeorico.tex
(Contenido/04. Marco Teórico/DefinicionesPrevias.tex

[8]

[9]

[10]

[11]
<Imagenes/LogoBConomy.png, id=60, 415.5525pt x 122.4575pt>
File: Imagenes/LogoBConomy.png Graphic file (type png)
<use Imagenes/LogoBConomy.png>
Package pdftex.def Info: Imagenes/LogoBConomy.png  used on input line 53.
(pdftex.def)             Requested size: 426.79134pt x 125.77385pt.


[12]

[13 <./Imagenes/LogoBConomy.png>]

[14]

[15]
<Imagenes/LogoNequi.png, id=75, 903.375pt x 508.14844pt>
File: Imagenes/LogoNequi.png Graphic file (type png)
<use Imagenes/LogoNequi.png>
Package pdftex.def Info: Imagenes/LogoNequi.png  used on input line 93.
(pdftex.def)             Requested size: 284.52756pt x 160.04434pt.


[16])

[17 <./Imagenes/LogoNequi.png>]
(Contenido/04. Marco Teórico/AnalisisDeCompetencia.tex

[18]) (Contenido/04. Marco Teórico/AnalisisEconomico.tex

[19]

[20]) (Contenido/04. Marco Teórico/MarcoReferencial.tex

[21]

[22]) (Contenido/04. Marco Teórico/Antecedentes.tex

[23]

[24]
<Imagenes/LogoVivaSeguro.jpg, id=105, 325.215pt x 155.58125pt>
File: Imagenes/LogoVivaSeguro.jpg Graphic file (type jpg)
<use Imagenes/LogoVivaSeguro.jpg>
Package pdftex.def Info: Imagenes/LogoVivaSeguro.jpg  used on input line 23.
(pdftex.def)             Requested size: 284.52756pt x 136.12611pt.

Overfull \hbox (4.79132pt too wide) in paragraph at lines 30--31
\OT1/ptm/b/n/12 los pro-gra-mas exis-ten-tes \OT1/ptm/m/n/12 al no in-cluir com
-po-nen-tes de eva-lua-ci[]on de im-pac-to adecuados,[[]]
 []



[25 <./Imagenes/LogoVivaSeguro.jpg>]

[26]

[27]
LaTeX Font Info:    Trying to load font information for TS1+ptm on input line 5
9.
 (C:\Users\david\AppData\Local\Programs\MiKTeX\tex/latex/psnfss\ts1ptm.fd
File: ts1ptm.fd 2001/06/04 font definitions for TS1/ptm.
)

[28]

[29]) (Contenido/04. Marco Teórico/ConceptosDeModeloDeNegocio.tex

[30]

[31]
<Imagenes/PlantillaModeloCanvas.jpg, id=128, 880.79062pt x 495.35063pt>
File: Imagenes/PlantillaModeloCanvas.jpg Graphic file (type jpg)
<use Imagenes/PlantillaModeloCanvas.jpg>
Package pdftex.def Info: Imagenes/PlantillaModeloCanvas.jpg  used on input line
 36.
(pdftex.def)             Requested size: 426.79134pt x 240.02557pt.


[32]
Overfull \hbox (16.03615pt too wide) in alignment at lines 48--59
 [] [] [] [] [] 
 []


Overfull \hbox (16.03615pt too wide) in alignment at lines 59--69
 [] [] [] [] [] 
 []


Overfull \hbox (16.03615pt too wide) in alignment at lines 69--72
 [] [] [] [] [] 
 []


Overfull \hbox (16.03615pt too wide) in alignment at lines 72--75
 [] [] [] [] [] 
 []


Overfull \vbox (47.99493pt too high) detected at line 165
 []


Overfull \hbox (16.03615pt too wide) in alignment at lines 75--187
 [] [] [] [] [] 
 []



[33 <./Imagenes/PlantillaModeloCanvas.jpg>] [34] [35] [36]

[37]

[38]
Underfull \hbox (badness 10000) in paragraph at lines 223--224

 []

[39] [40] [41]))

[42] (Contenido/05. Alcances y Limitaciones/AlcancesyLimitaciones.tex
(Contenido/05. Alcances y Limitaciones/Alcances.tex)

[43] (Contenido/05. Alcances y Limitaciones/Limitaciones.tex))
(Contenido/06. Modelo de Negocio/ModeloDeNegocio.tex

[44]
<Imagenes/ModeloCanvas.png, id=171, 770.88pt x 578.16pt>
File: Imagenes/ModeloCanvas.png Graphic file (type png)
<use Imagenes/ModeloCanvas.png>
Package pdftex.def Info: Imagenes/ModeloCanvas.png  used on input line 8.
(pdftex.def)             Requested size: 426.79134pt x 320.08861pt.


[45 <./Imagenes/ModeloCanvas.png>]
(Contenido/06. Modelo de Negocio/SegmentoDelMercado.tex)
(Contenido/06. Modelo de Negocio/PropuestaDeValor.tex)
(Contenido/06. Modelo de Negocio/CanalesDeDistribucion.tex)
(Contenido/06. Modelo de Negocio/RelacionesConClientes.tex

[46]) (Contenido/06. Modelo de Negocio/FuentesDeIngresos.tex)
(Contenido/06. Modelo de Negocio/ActividadesClave.tex)
(Contenido/06. Modelo de Negocio/RecursosClave.tex)

[47] (Contenido/06. Modelo de Negocio/SociosClave.tex)
(Contenido/06. Modelo de Negocio/EstructuraDeCostos.tex))
(Contenido/07. Metodologia/Metodologia.tex

[48] (Contenido/07. Metodologia/Fase1.tex) (Contenido/07. Metodologia/Fase2.tex


[49]) (Contenido/07. Metodologia/Fase3.tex)

[50] (Contenido/07. Metodologia/Fase4.tex)

[51] (Contenido/07. Metodologia/Cronograma.tex
<Imagenes/CronogramaModelo.png, id=196, 885.3075pt x 549.55313pt>
File: Imagenes/CronogramaModelo.png Graphic file (type png)
<use Imagenes/CronogramaModelo.png>
Package pdftex.def Info: Imagenes/CronogramaModelo.png  used on input line 8.
(pdftex.def)             Requested size: 341.43306pt x 211.94337pt.


[52]

[53 <./Imagenes/CronogramaModelo.png>]))
(Contenido/AA. Producto Minimo Viable/PMV.tex
(Contenido/AA. Producto Minimo Viable/Tecnologia.tex
<Imagenes/ArquiTresCapas.png, id=204, 356.33125pt x 142.5325pt>
File: Imagenes/ArquiTresCapas.png Graphic file (type png)
<use Imagenes/ArquiTresCapas.png>
Package pdftex.def Info: Imagenes/ArquiTresCapas.png  used on input line 7.
(pdftex.def)             Requested size: 426.79134pt x 170.72495pt.


[54]) (Contenido/AA. Producto Minimo Viable/Presupuesto.tex

[55 <./Imagenes/ArquiTresCapas.png>])) (Contenido/BB. Anexos/Anexos.tex
<Imagenes/MetodoCuadros.png, id=212, 735.74875pt x 570.13pt>
File: Imagenes/MetodoCuadros.png Graphic file (type png)
<use Imagenes/MetodoCuadros.png>
Package pdftex.def Info: Imagenes/MetodoCuadros.png  used on input line 6.
(pdftex.def)             Requested size: 341.43306pt x 264.58574pt.


[56]))

[57 <./Imagenes/MetodoCuadros.png>]

[58] (Proyecto.bbl

[59


]

[60]

[61])

[62] (Proyecto.aux
LaTeX Info: Redefining \. on input line 10.
LaTeX Info: Redefining \% on input line 10.
 (Contenido/Indice.aux))
 ***********
LaTeX2e <2025-06-01> patch level 1
L3 programming layer <2025-08-13>
 ***********


LaTeX Warning: There were multiply-defined labels.

 ) 
Here is how much of TeX's memory you used:
 10983 strings out of 468132
 222339 string characters out of 5430691
 677052 words of memory out of 5000000
 39305 multiletter control sequences out of 15000+600000
 644903 words of font info for 85 fonts, out of 8000000 for 9000
 1141 hyphenation exceptions out of 8191
 83i,19n,90p,1308b,574s stack positions out of 10000i,1000n,20000p,200000b,200000s
<C:/Users/david/AppData/Local/Programs/MiKTeX/fonts/type1/public/amsfonts/cm/
cmsy10.pfb><C:/Users/david/AppData/Local/Programs/MiKTeX/fonts/type1/public/ams
fonts/cm/cmsy6.pfb><C:/Users/david/AppData/Local/Programs/MiKTeX/fonts/type1/ur
w/courier/ucrr8a.pfb><C:/Users/david/AppData/Local/Programs/MiKTeX/fonts/type1/
urw/times/utmb8a.pfb><C:/Users/david/AppData/Local/Programs/MiKTeX/fonts/type1/
urw/times/utmbi8a.pfb><C:/Users/david/AppData/Local/Programs/MiKTeX/fonts/type1
/urw/times/utmr8a.pfb><C:/Users/david/AppData/Local/Programs/MiKTeX/fonts/type1
/urw/times/utmri8a.pfb>
Output written on Proyecto.pdf (66 pages, 1385606 bytes).
PDF statistics:
 269 PDF objects out of 1000 (max. 8388607)
 0 named destinations out of 1000 (max. 500000)
 51 words of extra memory for PDF output out of 10000 (max. 10000000)

